2021-09-08 20:55:02.290  INFO 10320 --- [main] c.a.platform.start.AlgzWarApplication    : Starting AlgzWarApplication on D-LIZHIQUN with PID 10320 (D:\Source\java\eclipse-workspace\algz_war\target\classes started by algz in D:\Source\java\eclipse-workspace\algz_war)
2021-09-08 20:55:02.295  INFO 10320 --- [main] c.a.platform.start.AlgzWarApplication    : No active profile set, falling back to default profiles: default
2021-09-08 20:55:03.498  INFO 10320 --- [main] .s.d.r.c.RepositoryConfigurationDelegate : Bootstrapping Spring Data JPA repositories in DEFAULT mode.
2021-09-08 20:55:04.003  INFO 10320 --- [main] .s.d.r.c.RepositoryConfigurationDelegate : Finished Spring Data repository scanning in 497ms. Found 15 JPA repository interfaces.
2021-09-08 20:55:04.833  INFO 10320 --- [main] o.s.b.w.embedded.tomcat.TomcatWebServer  : Tomcat initialized with port(s): 8080 (http)
2021-09-08 20:55:04.843  INFO 10320 --- [main] o.apache.catalina.core.StandardService   : Starting service [Tomcat]
2021-09-08 20:55:04.843  INFO 10320 --- [main] org.apache.catalina.core.StandardEngine  : Starting Servlet engine: [Apache Tomcat/9.0.37]
2021-09-08 20:55:04.984  INFO 10320 --- [main] org.apache.jasper.servlet.TldScanner     : At least one JAR was scanned for TLDs yet contained no TLDs. Enable debug logging for this logger for a complete list of JARs that were scanned but no TLDs were found in them. Skipping unneeded JARs during scanning can improve startup time and JSP compilation time.
2021-09-08 20:55:04.987  INFO 10320 --- [main] o.a.c.c.C.[Tomcat].[localhost].[/algz]   : Initializing Spring embedded WebApplicationContext
2021-09-08 20:55:04.988  INFO 10320 --- [main] w.s.c.ServletWebServerApplicationContext : Root WebApplicationContext: initialization completed in 2620 ms
2021-09-08 20:55:05.262  INFO 10320 --- [main] com.zaxxer.hikari.HikariDataSource       : HikariPool-1 - Starting...
2021-09-08 20:55:05.405  INFO 10320 --- [main] com.zaxxer.hikari.pool.PoolBase          : HikariPool-1 - Driver does not support get/set network timeout for connections. (oracle.jdbc.driver.T4CConnection.getNetworkTimeout()I)
2021-09-08 20:55:05.409  INFO 10320 --- [main] com.zaxxer.hikari.HikariDataSource       : HikariPool-1 - Start completed.
2021-09-08 20:55:05.666  INFO 10320 --- [main] o.hibernate.jpa.internal.util.LogHelper  : HHH000204: Processing PersistenceUnitInfo [name: default]
2021-09-08 20:55:05.736  INFO 10320 --- [main] org.hibernate.Version                    : HHH000412: Hibernate ORM core version 5.4.18.Final
2021-09-08 20:55:05.888  INFO 10320 --- [main] o.hibernate.annotations.common.Version   : HCANN000001: Hibernate Commons Annotations {5.1.0.Final}
2021-09-08 20:55:06.031  INFO 10320 --- [main] org.hibernate.dialect.Dialect            : HHH000400: Using dialect: org.hibernate.dialect.Oracle10gDialect
2021-09-08 20:55:06.256  WARN 10320 --- [main] o.h.b.i.InFlightMetadataCollectorImpl    : HHH000069: Duplicate generator name ALGZGenerator
2021-09-08 20:55:06.259  WARN 10320 --- [main] o.h.b.i.InFlightMetadataCollectorImpl    : HHH000069: Duplicate generator name ALGZGenerator
2021-09-08 20:55:06.267  WARN 10320 --- [main] o.h.b.i.InFlightMetadataCollectorImpl    : HHH000069: Duplicate generator name ALGZGenerator
2021-09-08 20:55:06.969  INFO 10320 --- [main] o.h.e.t.j.p.i.JtaPlatformInitiator       : HHH000490: Using JtaPlatform implementation: [org.hibernate.engine.transaction.jta.platform.internal.NoJtaPlatform]
2021-09-08 20:55:06.978  INFO 10320 --- [main] j.LocalContainerEntityManagerFactoryBean : Initialized JPA EntityManagerFactory for persistence unit 'default'
2021-09-08 20:55:07.224  WARN 10320 --- [main] .a.p.s.c.ALGZAbstractSecurityInterceptor : Could not validate configuration attributes as the SecurityMetadataSource did not return any attributes from getAllConfigAttributes()
2021-09-08 20:55:07.699  WARN 10320 --- [main] JpaBaseConfiguration$JpaWebConfiguration : spring.jpa.open-in-view is enabled by default. Therefore, database queries may be performed during view rendering. Explicitly configure spring.jpa.open-in-view to disable this warning
2021-09-08 20:55:08.219  INFO 10320 --- [main] o.s.s.web.DefaultSecurityFilterChain     : Creating filter chain: any request, [org.springframework.security.web.context.request.async.WebAsyncManagerIntegrationFilter@5a30ab46, org.springframework.security.web.context.SecurityContextPersistenceFilter@42af751f, org.springframework.security.web.header.HeaderWriterFilter@3408fdb8, org.springframework.security.web.csrf.CsrfFilter@4d424aea, org.springframework.security.web.authentication.logout.LogoutFilter@3f13ab39, org.springframework.security.web.authentication.UsernamePasswordAuthenticationFilter@107302a5, org.springframework.security.web.authentication.ui.DefaultLoginPageGeneratingFilter@1933e1dc, org.springframework.security.web.authentication.ui.DefaultLogoutPageGeneratingFilter@7772549d, org.springframework.security.web.session.ConcurrentSessionFilter@5002fc11, org.springframework.security.web.savedrequest.RequestCacheAwareFilter@3f937c0e, org.springframework.security.web.servletapi.SecurityContextHolderAwareRequestFilter@3982fdf7, org.springframework.security.web.authentication.rememberme.RememberMeAuthenticationFilter@281e2377, org.springframework.security.web.authentication.AnonymousAuthenticationFilter@3094b465, org.springframework.security.web.session.SessionManagementFilter@554b571b, org.springframework.security.web.access.ExceptionTranslationFilter@48c372db, org.springframework.security.web.access.intercept.FilterSecurityInterceptor@8add32f]
2021-09-08 20:55:08.281  INFO 10320 --- [main] o.a.c.w.s.f.ReflectionServiceFactoryBean : Creating Service {http://webservice.algz.com/}CommonServiceA from class com.algz.webservice.CommonServiceA
2021-09-08 20:55:08.653  INFO 10320 --- [main] org.apache.cxf.endpoint.ServerImpl       : Setting the server's publish address to be /CommonServiceA
2021-09-08 20:55:08.664  INFO 10320 --- [main] o.a.c.w.s.f.ReflectionServiceFactoryBean : Creating Service {http://webservice.algz.com/}CommonServiceBImpService from class com.algz.webservice.CommonServiceB
2021-09-08 20:55:08.671  INFO 10320 --- [main] org.apache.cxf.endpoint.ServerImpl       : Setting the server's publish address to be /CommonServiceB
2021-09-08 20:55:08.673  INFO 10320 --- [main] o.a.c.w.s.f.ReflectionServiceFactoryBean : Creating Service {http://webservice.algz.com/}DesignPlatformService from class com.sany.webservice.DesignPlatformService
2021-09-08 20:55:08.709  INFO 10320 --- [main] org.apache.cxf.endpoint.ServerImpl       : Setting the server's publish address to be /DesignPlatformService
2021-09-08 20:55:08.814  INFO 10320 --- [main] o.s.s.concurrent.ThreadPoolTaskExecutor  : Initializing ExecutorService 'applicationTaskExecutor'
2021-09-08 20:55:09.118  WARN 10320 --- [main] o.apache.jasper.EmbeddedServletOptions   : Warning: Invalid value for the initParam development. Will use the default value of "true"
2021-09-08 20:55:09.126  INFO 10320 --- [main] o.s.b.w.embedded.tomcat.TomcatWebServer  : Tomcat started on port(s): 8080 (http) with context path '/algz'
2021-09-08 20:55:09.127  INFO 10320 --- [main] c.a.platform.start.AlgzWarApplication    : Started AlgzWarApplication in 7.182 seconds (JVM running for 8.382)
2021-09-08 20:56:35.994  INFO 10320 --- [http-nio-8080-exec-1] o.a.c.c.C.[Tomcat].[localhost].[/algz]   : Initializing Spring DispatcherServlet 'dispatcherServlet'
2021-09-08 20:56:35.994  INFO 10320 --- [http-nio-8080-exec-1] o.s.web.servlet.DispatcherServlet        : Initializing Servlet 'dispatcherServlet'
2021-09-08 20:56:35.999  INFO 10320 --- [http-nio-8080-exec-1] o.s.web.servlet.DispatcherServlet        : Completed initialization in 5 ms
