#
# A fatal error has been detected by the Java Runtime Environment:
#
#  EXCEPTION_ACCESS_VIOLATION (0xc0000005) at pc=0x0000000066967b8f, pid=33760, tid=0x0000000000006aac
#
# JRE version: Java(TM) SE Runtime Environment (8.0_192-b12) (build 1.8.0_192-b12)
# Java VM: Java HotSpot(TM) 64-Bit Server VM (25.192-b12 mixed mode windows-amd64 compressed oops)
# Problematic frame:
# V  [jvm.dll+0xf7b8f]
#
# Failed to write core dump. Minidumps are not enabled by default on client versions of Windows
#
# If you would like to submit a bug report, please visit:
#   http://bugreport.java.com/bugreport/crash.jsp
#

---------------  T H R E A D  ---------------

Current thread (0x000000001e652800):  VMThread [stack: 0x000000001f6e0000,0x000000001f7e0000] [id=27308]

siginfo: ExceptionCode=0xc0000005, reading address 0x0000000029d9abe8

Registers:
RAX=0x0000000000194440, RBX=0x0000000000000000, RCX=0x0000000029c06798, RDX=0x000000000000ca22
RSP=0x000000001f7de8c8, RBP=0x000000001f7dee40, RSI=0x000000001f7defd0, RDI=0x000000001f7defd0
R8 =0x0000000000000000, R9 =0x0000000029c05da8, R10=0x0000000000000007, R11=0x0000000029c05a54
R12=0x00000000031158f8, R13=0x000000001f7dee00, R14=0x00000000000003d8, R15=0x000000001f7dedf0
RIP=0x0000000066967b8f, EFLAGS=0x0000000000010202

Top of Stack: (sp=0x000000001f7de8c8)
0x000000001f7de8c8:   000000006696f5f0 00000006c302ac58
0x000000001f7de8d8:   0000000000000000 000000001f7defd0
0x000000001f7de8e8:   00000006c302ada0 00000006c302ae10
0x000000001f7de8f8:   00000006c302ae80 0000000066e78e38
0x000000001f7de908:   00000000030be050 0000000000000002
0x000000001f7de918:   000000060000000c 000000001f7de940
0x000000001f7de928:   0000000600000001 0000000046000179
0x000000001f7de938:   0000000000000c00 4fffffff4fffffff
0x000000001f7de948:   0000000000000000 00000006c302b200
0x000000001f7de958:   0000000026cec000 00000006c302b301
0x000000001f7de968:   0000000026cec000 00000006c302b390
0x000000001f7de978:   0000000500000000 0000000000000000
0x000000001f7de988:   0000000600000007 000000002696bec0
0x000000001f7de998:   0000000000000000 0000000000000000
0x000000001f7de9a8:   0000000000000000 0000000000000000
0x000000001f7de9b8:   0000000000000000 00000006c3037c90 

Instructions: (pc=0x0000000066967b8f)
0x0000000066967b6f:   74 3e 85 d2 79 13 f7 d2 48 63 c2 48 c1 e0 05 48
0x0000000066967b7f:   8b 44 08 10 0f b7 c0 eb 12 48 63 c2 48 c1 e0 05
0x0000000066967b8f:   48 8b 44 08 10 0f b7 d0 48 63 c2 41 0f b7 4c c1
0x0000000066967b9f:   52 48 63 c1 41 0f b7 44 c1 52 49 8b 44 c1 50 c3 


Register to memory mapping:

RAX=0x0000000000194440 is an unknown value
RBX=0x0000000000000000 is an unknown value
RCX=0x0000000029c06798 is pointing into metadata
RDX=0x000000000000ca22 is an unknown value
RSP=0x000000001f7de8c8 is an unknown value
RBP=0x000000001f7dee40 is an unknown value
RSI=0x000000001f7defd0 is an unknown value
RDI=0x000000001f7defd0 is an unknown value
R8 =0x0000000000000000 is an unknown value
R9 =0x0000000029c05da8 is pointing into metadata
R10=0x0000000000000007 is an unknown value
R11=0x0000000029c05a54 is pointing into metadata
R12=0x00000000031158f8 is an unknown value
R13=0x000000001f7dee00 is an unknown value
R14=0x00000000000003d8 is an unknown value
R15=0x000000001f7dedf0 is an unknown value


Stack: [0x000000001f6e0000,0x000000001f7e0000],  sp=0x000000001f7de8c8,  free space=1018k
Native frames: (J=compiled Java code, j=interpreted, Vv=VM code, C=native code)
V  [jvm.dll+0xf7b8f]

VM_Operation (0x000000001febf4e0): GetOrSetLocal, mode: safepoint, requested by thread 0x000000001e69e000


---------------  P R O C E S S  ---------------

Java Threads: ( => current thread )
  0x0000000027521000 JavaThread "MessageBroker-4" [_thread_blocked, id=27132, stack(0x000000002a8c0000,0x000000002a9c0000)]
  0x0000000026ce6000 JavaThread "MessageBroker-3" [_thread_blocked, id=35364, stack(0x0000000022b40000,0x0000000022c40000)]
  0x0000000026cde000 JavaThread "http-nio-8080-exec-10" daemon [_thread_blocked, id=34428, stack(0x0000000025cf0000,0x0000000025df0000)]
  0x0000000026ce4800 JavaThread "http-nio-8080-exec-9" daemon [_thread_blocked, id=34584, stack(0x0000000022740000,0x0000000022840000)]
  0x0000000024622000 JavaThread "http-nio-8080-exec-8" daemon [_thread_blocked, id=33372, stack(0x0000000001090000,0x0000000001190000)]
  0x0000000026ce5800 JavaThread "MessageBroker-2" [_thread_blocked, id=34392, stack(0x0000000000f20000,0x0000000001020000)]
  0x0000000026cec000 JavaThread "http-nio-8080-exec-7" daemon [_thread_blocked, id=32260, stack(0x0000000000e20000,0x0000000000f20000)]
  0x0000000026ceb800 JavaThread "http-nio-8080-exec-6" daemon [_thread_blocked, id=28620, stack(0x000000002aac0000,0x000000002abc0000)]
  0x0000000026ce4000 JavaThread "http-nio-8080-exec-5" daemon [_thread_blocked, id=29228, stack(0x000000002a2c0000,0x000000002a3c0000)]
  0x0000000026ce8800 JavaThread "http-nio-8080-exec-4" daemon [_thread_blocked, id=34476, stack(0x000000002a0c0000,0x000000002a1c0000)]
  0x0000000026ce7800 JavaThread "http-nio-8080-exec-3" daemon [_thread_blocked, id=29360, stack(0x0000000029dc0000,0x0000000029ec0000)]
  0x0000000026cea800 JavaThread "http-nio-8080-exec-2" daemon [_thread_blocked, id=33948, stack(0x0000000029ac0000,0x0000000029bc0000)]
  0x0000000026cea000 JavaThread "http-nio-8080-exec-1" daemon [_thread_blocked, id=33224, stack(0x00000000260f0000,0x00000000261f0000)]
  0x0000000026ce9000 JavaThread "RMI TCP Connection(78)-127.0.0.1" daemon [_thread_in_native, id=34132, stack(0x000000002a3c0000,0x000000002a4c0000)]
  0x0000000026cdd000 JavaThread "DestroyJavaVM" [_thread_blocked, id=34236, stack(0x0000000002ed0000,0x0000000002fd0000)]
  0x0000000026ce0000 JavaThread "http-nio-8080-Acceptor" daemon [_thread_in_native, id=9492, stack(0x00000000299c0000,0x0000000029ac0000)]
  0x0000000026ce3000 JavaThread "http-nio-8080-Poller" daemon [_thread_in_native, id=27944, stack(0x00000000298c0000,0x00000000299c0000)]
  0x0000000026cde800 JavaThread "MessageBroker-1" [_thread_blocked, id=29648, stack(0x00000000293c0000,0x00000000294c0000)]
  0x0000000026ce1800 JavaThread "lettuce-timer-3-1" daemon [_thread_blocked, id=34664, stack(0x00000000286c0000,0x00000000287c0000)]
  0x0000000024623800 JavaThread "container-0" [_thread_blocked, id=34672, stack(0x00000000281c0000,0x00000000282c0000)]
  0x0000000024623000 JavaThread "Catalina-utility-2" [_thread_blocked, id=27512, stack(0x00000000280c0000,0x00000000281c0000)]
  0x0000000024624800 JavaThread "Catalina-utility-1" [_thread_blocked, id=34108, stack(0x0000000027fc0000,0x00000000280c0000)]
  0x0000000024621800 JavaThread "HikariPool-1 housekeeper" daemon [_thread_blocked, id=33996, stack(0x0000000025df0000,0x0000000025ef0000)]
  0x000000002457f800 JavaThread "mysql-cj-abandoned-connection-cleanup" daemon [_thread_blocked, id=32236, stack(0x00000000259f0000,0x0000000025af0000)]
  0x00000000241a6800 JavaThread "GC Daemon" daemon [_thread_blocked, id=33348, stack(0x0000000022f40000,0x0000000023040000)]
  0x0000000021464000 JavaThread "JMX server connection timeout 21" daemon [_thread_blocked, id=33388, stack(0x0000000022c40000,0x0000000022d40000)]
  0x0000000021433800 JavaThread "RMI Scheduler(0)" daemon [_thread_blocked, id=30728, stack(0x0000000022a40000,0x0000000022b40000)]
  0x0000000020872800 JavaThread "RMI TCP Accept-0" daemon [_thread_in_native, id=28116, stack(0x0000000022190000,0x0000000022290000)]
  0x0000000020804800 JavaThread "RMI TCP Accept-58257" daemon [_thread_in_native, id=31756, stack(0x0000000020ec0000,0x0000000020fc0000)]
  0x0000000020801800 JavaThread "RMI TCP Accept-0" daemon [_thread_in_native, id=32428, stack(0x0000000020dc0000,0x0000000020ec0000)]
  0x000000002059f000 JavaThread "Service Thread" daemon [_thread_blocked, id=25956, stack(0x0000000020cc0000,0x0000000020dc0000)]
  0x000000002051b800 JavaThread "C1 CompilerThread3" daemon [_thread_blocked, id=32884, stack(0x0000000020bc0000,0x0000000020cc0000)]
  0x0000000020514800 JavaThread "C2 CompilerThread2" daemon [_thread_blocked, id=4472, stack(0x0000000020ac0000,0x0000000020bc0000)]
  0x0000000020512000 JavaThread "C2 CompilerThread1" daemon [_thread_blocked, id=33700, stack(0x00000000209c0000,0x0000000020ac0000)]
  0x0000000020509000 JavaThread "C2 CompilerThread0" daemon [_thread_blocked, id=29836, stack(0x00000000208c0000,0x00000000209c0000)]
  0x000000001e70b000 JavaThread "JDWP Command Reader" daemon [_thread_in_native, id=32572, stack(0x000000001ffc0000,0x00000000200c0000)]
  0x000000001e703000 JavaThread "JDWP Event Helper Thread" daemon [_thread_blocked, id=33744, stack(0x000000001fec0000,0x000000001ffc0000)]
  0x000000001e69e000 JavaThread "JDWP Transport Listener: dt_socket" daemon [_thread_blocked, id=32928, stack(0x000000001fdc0000,0x000000001fec0000)]
  0x000000001e698000 JavaThread "Attach Listener" daemon [_thread_blocked, id=32280, stack(0x000000001faf0000,0x000000001fbf0000)]
  0x000000001e697000 JavaThread "Signal Dispatcher" daemon [_thread_blocked, id=26096, stack(0x000000001f9f0000,0x000000001faf0000)]
  0x000000001cf78000 JavaThread "Finalizer" daemon [_thread_blocked, id=30132, stack(0x000000001f8e0000,0x000000001f9e0000)]
  0x000000001e673000 JavaThread "Reference Handler" daemon [_thread_blocked, id=4380, stack(0x000000001f7e0000,0x000000001f8e0000)]

Other Threads:
=>0x000000001e652800 VMThread [stack: 0x000000001f6e0000,0x000000001f7e0000] [id=27308]
  0x0000000020874800 WatcherThread [stack: 0x0000000022290000,0x0000000022390000] [id=27892]

VM state:at safepoint (normal execution)

VM Mutex/Monitor currently owned by a thread:  ([mutex/lock_event])
[0x00000000030622d0] Threads_lock - owner thread: 0x000000001e652800

heap address: 0x00000006c1600000, size: 4074 MB, Compressed Oops mode: Zero based, Oop shift amount: 3
Narrow klass base: 0x0000000000000000, Narrow klass shift: 3
Compressed class space size: 1073741824 Address: 0x00000007c0000000

Heap:
 PSYoungGen      total 480256K, used 320209K [0x000000076b200000, 0x000000078d400000, 0x00000007c0000000)
  eden space 455168K, 64% used [0x000000076b200000,0x000000077d238a70,0x0000000786e80000)
  from space 25088K, 99% used [0x0000000786e80000,0x00000007886fbd38,0x0000000788700000)
  to   space 30208K, 0% used [0x000000078b680000,0x000000078b680000,0x000000078d400000)
 ParOldGen       total 225280K, used 41155K [0x00000006c1600000, 0x00000006cf200000, 0x000000076b200000)
  object space 225280K, 18% used [0x00000006c1600000,0x00000006c3e30c60,0x00000006cf200000)
 Metaspace       used 92639K, capacity 98054K, committed 98304K, reserved 1134592K
  class space    used 12875K, capacity 13782K, committed 13824K, reserved 1048576K

Card table byte_map: [0x00000000126e0000,0x0000000012ee0000] byte_map_base: 0x000000000f0d5000

Marking Bits: (ParMarkBitMap*) 0x0000000067093ce0
 Begin Bits: [0x0000000013e30000, 0x0000000017dd8000)
 End Bits:   [0x0000000017dd8000, 0x000000001bd80000)

Polling page: 0x0000000000d00000

CodeCache: size=245760Kb used=16194Kb max_used=16194Kb free=229565Kb
 bounds [0x0000000003320000, 0x0000000004300000, 0x0000000012320000]
 total_blobs=8992 nmethods=8340 adapters=571
 compilation: enabled

Compilation events (10 events):
Event: 4179.076 Thread 0x000000002051b800 8499       1       java.text.DateFormatSymbols::getProviderInstance (37 bytes)
Event: 4179.076 Thread 0x000000002051b800 nmethod 8499 0x00000000042f1fd0 code [0x00000000042f2160, 0x00000000042f2368]
Event: 4179.076 Thread 0x000000002051b800 8500       1       sun.util.locale.provider.DateFormatSymbolsProviderImpl::getInstance (21 bytes)
Event: 4179.076 Thread 0x000000002051b800 nmethod 8500 0x00000000042f2490 code [0x00000000042f2600, 0x00000000042f2858]
Event: 4179.077 Thread 0x000000002051b800 8501       1       org.hibernate.query.internal.QueryImpl::getQueryParameterBindings (5 bytes)
Event: 4179.077 Thread 0x000000002051b800 nmethod 8501 0x00000000042f2950 code [0x00000000042f2aa0, 0x00000000042f2bb0]
Event: 4179.077 Thread 0x000000002051b800 8502       1       org.apache.coyote.http11.Http11InputBuffer::access$200 (5 bytes)
Event: 4179.077 Thread 0x000000002051b800 nmethod 8502 0x00000000042f2c10 code [0x00000000042f2d60, 0x00000000042f2e50]
Event: 4179.077 Thread 0x000000002051b800 8503   !   1       org.springframework.orm.jpa.AbstractEntityManagerFactoryBean::invokeProxyMethod (195 bytes)
Event: 4179.079 Thread 0x000000002051b800 nmethod 8503 0x00000000042f2ed0 code [0x00000000042f3180, 0x00000000042f3bd8]

GC Heap History (10 events):
Event: 4.364 GC heap before
{Heap before GC invocations=12 (full 2):
 PSYoungGen      total 285184K, used 259072K [0x000000076b200000, 0x0000000783d80000, 0x00000007c0000000)
  eden space 259072K, 100% used [0x000000076b200000,0x000000077af00000,0x000000077af00000)
  from space 26112K, 0% used [0x000000077af00000,0x000000077af00000,0x000000077c880000)
  to   space 25088K, 0% used [0x0000000782500000,0x0000000782500000,0x0000000783d80000)
 ParOldGen       total 164352K, used 25825K [0x00000006c1600000, 0x00000006cb680000, 0x000000076b200000)
  object space 164352K, 15% used [0x00000006c1600000,0x00000006c2f384a0,0x00000006cb680000)
 Metaspace       used 43353K, capacity 45702K, committed 45824K, reserved 1089536K
  class space    used 5897K, capacity 6333K, committed 6400K, reserved 1048576K
Event: 4.374 GC heap after
Heap after GC invocations=12 (full 2):
 PSYoungGen      total 367616K, used 15340K [0x000000076b200000, 0x0000000783780000, 0x00000007c0000000)
  eden space 348672K, 0% used [0x000000076b200000,0x000000076b200000,0x0000000780680000)
  from space 18944K, 80% used [0x0000000782500000,0x00000007833fb2b8,0x0000000783780000)
  to   space 25088K, 0% used [0x0000000780680000,0x0000000780680000,0x0000000781f00000)
 ParOldGen       total 164352K, used 25833K [0x00000006c1600000, 0x00000006cb680000, 0x000000076b200000)
  object space 164352K, 15% used [0x00000006c1600000,0x00000006c2f3a4a0,0x00000006cb680000)
 Metaspace       used 43353K, capacity 45702K, committed 45824K, reserved 1089536K
  class space    used 5897K, capacity 6333K, committed 6400K, reserved 1048576K
}
Event: 5.462 GC heap before
{Heap before GC invocations=13 (full 2):
 PSYoungGen      total 367616K, used 298784K [0x000000076b200000, 0x0000000783780000, 0x00000007c0000000)
  eden space 348672K, 81% used [0x000000076b200000,0x000000077c6cd128,0x0000000780680000)
  from space 18944K, 80% used [0x0000000782500000,0x00000007833fb2b8,0x0000000783780000)
  to   space 25088K, 0% used [0x0000000780680000,0x0000000780680000,0x0000000781f00000)
 ParOldGen       total 164352K, used 25833K [0x00000006c1600000, 0x00000006cb680000, 0x000000076b200000)
  object space 164352K, 15% used [0x00000006c1600000,0x00000006c2f3a4a0,0x00000006cb680000)
 Metaspace       used 56520K, capacity 59072K, committed 59160K, reserved 1099776K
  class space    used 7829K, capacity 8309K, committed 8320K, reserved 1048576K
Event: 5.472 GC heap after
Heap after GC invocations=13 (full 2):
 PSYoungGen      total 373760K, used 14599K [0x000000076b200000, 0x000000078a500000, 0x00000007c0000000)
  eden space 348672K, 0% used [0x000000076b200000,0x000000076b200000,0x0000000780680000)
  from space 25088K, 58% used [0x0000000780680000,0x00000007814c1f38,0x0000000781f00000)
  to   space 24576K, 0% used [0x0000000788d00000,0x0000000788d00000,0x000000078a500000)
 ParOldGen       total 164352K, used 31865K [0x00000006c1600000, 0x00000006cb680000, 0x000000076b200000)
  object space 164352K, 19% used [0x00000006c1600000,0x00000006c351e670,0x00000006cb680000)
 Metaspace       used 56520K, capacity 59072K, committed 59160K, reserved 1099776K
  class space    used 7829K, capacity 8309K, committed 8320K, reserved 1048576K
}
Event: 5.472 GC heap before
{Heap before GC invocations=14 (full 3):
 PSYoungGen      total 373760K, used 14599K [0x000000076b200000, 0x000000078a500000, 0x00000007c0000000)
  eden space 348672K, 0% used [0x000000076b200000,0x000000076b200000,0x0000000780680000)
  from space 25088K, 58% used [0x0000000780680000,0x00000007814c1f38,0x0000000781f00000)
  to   space 24576K, 0% used [0x0000000788d00000,0x0000000788d00000,0x000000078a500000)
 ParOldGen       total 164352K, used 31865K [0x00000006c1600000, 0x00000006cb680000, 0x000000076b200000)
  object space 164352K, 19% used [0x00000006c1600000,0x00000006c351e670,0x00000006cb680000)
 Metaspace       used 56520K, capacity 59072K, committed 59160K, reserved 1099776K
  class space    used 7829K, capacity 8309K, committed 8320K, reserved 1048576K
Event: 5.585 GC heap after
Heap after GC invocations=14 (full 3):
 PSYoungGen      total 373760K, used 0K [0x000000076b200000, 0x000000078a500000, 0x00000007c0000000)
  eden space 348672K, 0% used [0x000000076b200000,0x000000076b200000,0x0000000780680000)
  from space 25088K, 0% used [0x0000000780680000,0x0000000780680000,0x0000000781f00000)
  to   space 24576K, 0% used [0x0000000788d00000,0x0000000788d00000,0x000000078a500000)
 ParOldGen       total 225280K, used 36850K [0x00000006c1600000, 0x00000006cf200000, 0x000000076b200000)
  object space 225280K, 16% used [0x00000006c1600000,0x00000006c39fc928,0x00000006cf200000)
 Metaspace       used 56520K, capacity 59072K, committed 59160K, reserved 1099776K
  class space    used 7829K, capacity 8309K, committed 8320K, reserved 1048576K
}
Event: 7.320 GC heap before
{Heap before GC invocations=15 (full 3):
 PSYoungGen      total 373760K, used 348672K [0x000000076b200000, 0x000000078a500000, 0x00000007c0000000)
  eden space 348672K, 100% used [0x000000076b200000,0x0000000780680000,0x0000000780680000)
  from space 25088K, 0% used [0x0000000780680000,0x0000000780680000,0x0000000781f00000)
  to   space 24576K, 0% used [0x0000000788d00000,0x0000000788d00000,0x000000078a500000)
 ParOldGen       total 225280K, used 36850K [0x00000006c1600000, 0x00000006cf200000, 0x000000076b200000)
  object space 225280K, 16% used [0x00000006c1600000,0x00000006c39fc928,0x00000006cf200000)
 Metaspace       used 71918K, capacity 75852K, committed 76160K, reserved 1114112K
  class space    used 10119K, capacity 10773K, committed 10880K, reserved 1048576K
Event: 7.330 GC heap after
Heap after GC invocations=15 (full 3):
 PSYoungGen      total 438272K, used 18901K [0x000000076b200000, 0x0000000789f80000, 0x00000007c0000000)
  eden space 419328K, 0% used [0x000000076b200000,0x000000076b200000,0x0000000784b80000)
  from space 18944K, 99% used [0x0000000788d00000,0x0000000789f75768,0x0000000789f80000)
  to   space 25088K, 0% used [0x0000000786e80000,0x0000000786e80000,0x0000000788700000)
 ParOldGen       total 225280K, used 36858K [0x00000006c1600000, 0x00000006cf200000, 0x000000076b200000)
  object space 225280K, 16% used [0x00000006c1600000,0x00000006c39fe928,0x00000006cf200000)
 Metaspace       used 71918K, capacity 75852K, committed 76160K, reserved 1114112K
  class space    used 10119K, capacity 10773K, committed 10880K, reserved 1048576K
}
Event: 9.158 GC heap before
{Heap before GC invocations=16 (full 3):
 PSYoungGen      total 438272K, used 438229K [0x000000076b200000, 0x0000000789f80000, 0x00000007c0000000)
  eden space 419328K, 100% used [0x000000076b200000,0x0000000784b80000,0x0000000784b80000)
  from space 18944K, 99% used [0x0000000788d00000,0x0000000789f75768,0x0000000789f80000)
  to   space 25088K, 0% used [0x0000000786e80000,0x0000000786e80000,0x0000000788700000)
 ParOldGen       total 225280K, used 36858K [0x00000006c1600000, 0x00000006cf200000, 0x000000076b200000)
  object space 225280K, 16% used [0x00000006c1600000,0x00000006c39fe928,0x00000006cf200000)
 Metaspace       used 85393K, capacity 90372K, committed 90624K, reserved 1126400K
  class space    used 11926K, capacity 12774K, committed 12800K, reserved 1048576K
Event: 9.173 GC heap after
Heap after GC invocations=16 (full 3):
 PSYoungGen      total 480256K, used 25071K [0x000000076b200000, 0x000000078d400000, 0x00000007c0000000)
  eden space 455168K, 0% used [0x000000076b200000,0x000000076b200000,0x0000000786e80000)
  from space 25088K, 99% used [0x0000000786e80000,0x00000007886fbd38,0x0000000788700000)
  to   space 30208K, 0% used [0x000000078b680000,0x000000078b680000,0x000000078d400000)
 ParOldGen       total 225280K, used 41155K [0x00000006c1600000, 0x00000006cf200000, 0x000000076b200000)
  object space 225280K, 18% used [0x00000006c1600000,0x00000006c3e30c60,0x00000006cf200000)
 Metaspace       used 85393K, capacity 90372K, committed 90624K, reserved 1126400K
  class space    used 11926K, capacity 12774K, committed 12800K, reserved 1048576K
}

Deoptimization events (0 events):
No events

Classes redefined (10 events):
Event: 2652.295 Thread 0x000000001e652800 redefined class name=com.algz.platform.common.graph.GraphServiceImpl, count=11
Event: 2857.896 Thread 0x000000001e652800 redefined class name=com.algz.platform.common.graph.GraphServiceImpl, count=12
Event: 2934.251 Thread 0x000000001e652800 redefined class name=com.algz.platform.common.graph.GraphServiceImpl, count=13
Event: 3100.628 Thread 0x000000001e652800 redefined class name=com.algz.platform.common.graph.GraphServiceImpl, count=14
Event: 3189.525 Thread 0x000000001e652800 redefined class name=com.algz.platform.common.graph.GraphServiceImpl, count=15
Event: 3391.923 Thread 0x000000001e652800 redefined class name=com.algz.platform.common.graph.GraphServiceImpl, count=16
Event: 3530.784 Thread 0x000000001e652800 redefined class name=com.algz.platform.common.graph.GraphServiceImpl, count=17
Event: 3626.094 Thread 0x000000001e652800 redefined class name=com.algz.platform.common.graph.GraphServiceImpl, count=18
Event: 4105.400 Thread 0x000000001e652800 redefined class name=com.algz.platform.common.graph.GraphServiceImpl, count=19
Event: 4204.265 Thread 0x000000001e652800 redefined class name=com.algz.platform.common.graph.GraphServiceImpl, count=20

Internal exceptions (10 events):
Event: 2871.450 Thread 0x0000000026ce7800 Exception <a 'java/lang/ClassNotFoundException': com/algz/platform/common/graph/edge/EdgeCustomizer> (0x00000007743b3e48) thrown at [C:\workspace\8-2-build-windows-amd64-cygwin\jdk8u192\11897\hotspot\src\share\vm\classfile\systemDictionary.cpp, line 210]
Event: 2872.726 Thread 0x0000000026ce7800 Exception <a 'java/lang/ClassNotFoundException': java/lang/ObjectCustomizer> (0x00000007743dfda0) thrown at [C:\workspace\8-2-build-windows-amd64-cygwin\jdk8u192\11897\hotspot\src\share\vm\classfile\systemDictionary.cpp, line 210]
Event: 2872.727 Thread 0x0000000026ce7800 Exception <a 'java/lang/ClassNotFoundException': com/algz/platform/common/graph/node/NodeCustomizer> (0x0000000774408dc8) thrown at [C:\workspace\8-2-build-windows-amd64-cygwin\jdk8u192\11897\hotspot\src\share\vm\classfile\systemDictionary.cpp, line 210]
Event: 2874.363 Thread 0x0000000026ce7800 Exception <a 'java/lang/reflect/InvocationTargetException'> (0x000000077929cb68) thrown at [C:\workspace\8-2-build-windows-amd64-cygwin\jdk8u192\11897\hotspot\src\share\vm\runtime\reflection.cpp, line 1092]
Event: 2874.384 Thread 0x0000000026ce7800 Exception <a 'java/lang/ArrayIndexOutOfBoundsException'> (0x00000007795c1480) thrown at [C:\workspace\8-2-build-windows-amd64-cygwin\jdk8u192\11897\hotspot\src\share\vm\runtime\sharedRuntime.cpp, line 605]
Event: 2874.385 Thread 0x0000000026ce7800 Exception <a 'java/lang/ArrayIndexOutOfBoundsException'> (0x00000007795c2b08) thrown at [C:\workspace\8-2-build-windows-amd64-cygwin\jdk8u192\11897\hotspot\src\share\vm\runtime\sharedRuntime.cpp, line 605]
Event: 2874.386 Thread 0x0000000026ce7800 Exception <a 'java/lang/ArrayIndexOutOfBoundsException'> (0x00000007795c8998) thrown at [C:\workspace\8-2-build-windows-amd64-cygwin\jdk8u192\11897\hotspot\src\share\vm\runtime\sharedRuntime.cpp, line 605]
Event: 2874.388 Thread 0x0000000026ce7800 Exception <a 'java/lang/ArrayIndexOutOfBoundsException'> (0x00000007795fe690) thrown at [C:\workspace\8-2-build-windows-amd64-cygwin\jdk8u192\11897\hotspot\src\share\vm\runtime\sharedRuntime.cpp, line 605]
Event: 3796.726 Thread 0x0000000026cea800 Exception <a 'java/lang/ArrayIndexOutOfBoundsException'> (0x00000007738c6e88) thrown at [C:\workspace\8-2-build-windows-amd64-cygwin\jdk8u192\11897\hotspot\src\share\vm\runtime\sharedRuntime.cpp, line 605]
Event: 3796.731 Thread 0x0000000026cea800 Exception <a 'java/lang/ArrayIndexOutOfBoundsException'> (0x00000007738e7d40) thrown at [C:\workspace\8-2-build-windows-amd64-cygwin\jdk8u192\11897\hotspot\src\share\vm\runtime\sharedRuntime.cpp, line 605]

Events (10 events):
Event: 4204.320 Executing VM operation: GetCurrentContendedMonitor done
Event: 4204.320 Executing VM operation: GetOwnedMonitorInfo
Event: 4204.320 Executing VM operation: GetOwnedMonitorInfo done
Event: 4204.321 Executing VM operation: GetCurrentContendedMonitor
Event: 4204.321 Executing VM operation: GetCurrentContendedMonitor done
Event: 4204.325 Executing VM operation: GetCurrentContendedMonitor
Event: 4204.325 Executing VM operation: GetCurrentContendedMonitor done
Event: 4204.325 Executing VM operation: GetOwnedMonitorInfo
Event: 4204.325 Executing VM operation: GetOwnedMonitorInfo done
Event: 4204.381 Executing VM operation: GetOrSetLocal


Dynamic libraries:
0x00007ff6f1850000 - 0x00007ff6f1887000 	D:\Program Files\Java\jdk1.8.0_192\bin\javaw.exe
0x00007ffed0d30000 - 0x00007ffed0f25000 	C:\WINDOWS\SYSTEM32\ntdll.dll
0x00007ffed03b0000 - 0x00007ffed046e000 	C:\WINDOWS\System32\KERNEL32.DLL
0x00007ffece4c0000 - 0x00007ffece788000 	C:\WINDOWS\System32\KERNELBASE.dll
0x00007ffecf560000 - 0x00007ffecf60e000 	C:\WINDOWS\System32\ADVAPI32.dll
0x00007ffed05a0000 - 0x00007ffed063e000 	C:\WINDOWS\System32\msvcrt.dll
0x00007ffed02e0000 - 0x00007ffed037c000 	C:\WINDOWS\System32\sechost.dll
0x00007ffed0470000 - 0x00007ffed0595000 	C:\WINDOWS\System32\RPCRT4.dll
0x00007ffecf9c0000 - 0x00007ffecfb60000 	C:\WINDOWS\System32\USER32.dll
0x00007ffeced50000 - 0x00007ffeced72000 	C:\WINDOWS\System32\win32u.dll
0x00007ffed02b0000 - 0x00007ffed02db000 	C:\WINDOWS\System32\GDI32.dll
0x00007ffece9a0000 - 0x00007ffeceaad000 	C:\WINDOWS\System32\gdi32full.dll
0x00007ffecec20000 - 0x00007ffececbd000 	C:\WINDOWS\System32\msvcp_win.dll
0x00007ffeceb20000 - 0x00007ffecec20000 	C:\WINDOWS\System32\ucrtbase.dll
0x00007ffeb8660000 - 0x00007ffeb88fa000 	C:\WINDOWS\WinSxS\amd64_microsoft.windows.common-controls_6595b64144ccf1df_6.0.19041.1110_none_60b5254171f9507e\COMCTL32.dll
0x00007ffed0380000 - 0x00007ffed03b0000 	C:\WINDOWS\System32\IMM32.DLL
0x0000000067460000 - 0x0000000067531000 	D:\Program Files\Java\jdk1.8.0_192\jre\bin\msvcr100.dll
0x0000000066870000 - 0x0000000067113000 	D:\Program Files\Java\jdk1.8.0_192\jre\bin\server\jvm.dll
0x00007ffecef70000 - 0x00007ffecef78000 	C:\WINDOWS\System32\PSAPI.DLL
0x00007ffec8e10000 - 0x00007ffec8e19000 	C:\WINDOWS\SYSTEM32\WSOCK32.dll
0x00007ffecdfc0000 - 0x00007ffecdfca000 	C:\WINDOWS\SYSTEM32\VERSION.dll
0x00007ffebd3d0000 - 0x00007ffebd3f7000 	C:\WINDOWS\SYSTEM32\WINMM.dll
0x00007ffecf6d0000 - 0x00007ffecf73b000 	C:\WINDOWS\System32\WS2_32.dll
0x00007ffec92d0000 - 0x00007ffec92df000 	D:\Program Files\Java\jdk1.8.0_192\jre\bin\verify.dll
0x00007ffec7eb0000 - 0x00007ffec7ed9000 	D:\Program Files\Java\jdk1.8.0_192\jre\bin\java.dll
0x00007ffec7240000 - 0x00007ffec7275000 	D:\Program Files\Java\jdk1.8.0_192\jre\bin\jdwp.dll
0x00007ffec92c0000 - 0x00007ffec92c8000 	D:\Program Files\Java\jdk1.8.0_192\jre\bin\npt.dll
0x00007ffec6a50000 - 0x00007ffec6a73000 	D:\Program Files\Java\jdk1.8.0_192\jre\bin\instrument.dll
0x00007ffec7e70000 - 0x00007ffec7e86000 	D:\Program Files\Java\jdk1.8.0_192\jre\bin\zip.dll
0x00007ffecfb60000 - 0x00007ffed02a4000 	C:\WINDOWS\System32\SHELL32.dll
0x00007ffecc4a0000 - 0x00007ffeccc34000 	C:\WINDOWS\SYSTEM32\windows.storage.dll
0x00007ffecf130000 - 0x00007ffecf485000 	C:\WINDOWS\System32\combase.dll
0x00007ffecde20000 - 0x00007ffecde4e000 	C:\WINDOWS\SYSTEM32\Wldp.dll
0x00007ffeceeb0000 - 0x00007ffecef5d000 	C:\WINDOWS\System32\SHCORE.dll
0x00007ffecf610000 - 0x00007ffecf665000 	C:\WINDOWS\System32\shlwapi.dll
0x00007ffece380000 - 0x00007ffece39f000 	C:\WINDOWS\SYSTEM32\profapi.dll
0x00007ffec7e10000 - 0x00007ffec7e19000 	D:\Program Files\Java\jdk1.8.0_192\jre\bin\dt_socket.dll
0x00007ffeac590000 - 0x00007ffeac5bd000 	C:\Program Files (x86)\Sangfor\SSL\ClientComponent\SangforNspX64.dll
0x00007ffeced80000 - 0x00007ffeceeaa000 	C:\WINDOWS\System32\ole32.dll
0x00007ffecf490000 - 0x00007ffecf55d000 	C:\WINDOWS\System32\OLEAUT32.dll
0x00007ffe86bc0000 - 0x00007ffe86bd7000 	C:\WINDOWS\system32\napinsp.dll
0x00007ffe86ba0000 - 0x00007ffe86bbb000 	C:\WINDOWS\system32\pnrpnsp.dll
0x00007ffec9d60000 - 0x00007ffec9d7d000 	C:\WINDOWS\system32\NLAapi.dll
0x00007ffecd820000 - 0x00007ffecd85b000 	C:\WINDOWS\SYSTEM32\IPHLPAPI.DLL
0x00007ffea5550000 - 0x00007ffea5565000 	C:\WINDOWS\system32\wshbth.dll
0x00007ffecdb80000 - 0x00007ffecdbea000 	C:\WINDOWS\System32\mswsock.dll
0x00007ffecd870000 - 0x00007ffecd93b000 	C:\WINDOWS\SYSTEM32\DNSAPI.dll
0x00007ffecef60000 - 0x00007ffecef68000 	C:\WINDOWS\System32\NSI.dll
0x00007ffe86b80000 - 0x00007ffe86b92000 	C:\WINDOWS\System32\winrnr.dll
0x00007ffeabe90000 - 0x00007ffeac00a000 	C:\Program Files (x86)\Sangfor\SSL\ClientComponent\1_SangforTcpX64.dll
0x00007ffeceab0000 - 0x00007ffeceb19000 	C:\WINDOWS\System32\WINTRUST.dll
0x00007ffece790000 - 0x00007ffece8e6000 	C:\WINDOWS\System32\CRYPT32.dll
0x00007ffecdfd0000 - 0x00007ffecdfe2000 	C:\WINDOWS\SYSTEM32\MSASN1.dll
0x00007ffebb0c0000 - 0x00007ffebb13f000 	C:\WINDOWS\System32\fwpuclnt.dll
0x00007ffece440000 - 0x00007ffece467000 	C:\WINDOWS\System32\bcrypt.dll
0x00007ffebab60000 - 0x00007ffebab6a000 	C:\Windows\System32\rasadhlp.dll
0x00007ffec7230000 - 0x00007ffec723d000 	D:\Program Files\Java\jdk1.8.0_192\jre\bin\management.dll
0x00007ffec71f0000 - 0x00007ffec720a000 	D:\Program Files\Java\jdk1.8.0_192\jre\bin\net.dll
0x00007ffec6a10000 - 0x00007ffec6a21000 	D:\Program Files\Java\jdk1.8.0_192\jre\bin\nio.dll
0x00007ffecdd80000 - 0x00007ffecdd98000 	C:\WINDOWS\SYSTEM32\CRYPTSP.dll
0x00007ffecd490000 - 0x00007ffecd4c4000 	C:\WINDOWS\system32\rsaenh.dll
0x00007ffece340000 - 0x00007ffece36e000 	C:\WINDOWS\SYSTEM32\USERENV.dll
0x00007ffececc0000 - 0x00007ffeced42000 	C:\WINDOWS\System32\bcryptprimitives.dll
0x00007ffecdd70000 - 0x00007ffecdd7c000 	C:\WINDOWS\SYSTEM32\CRYPTBASE.dll
0x00007ffec6360000 - 0x00007ffec6377000 	C:\WINDOWS\SYSTEM32\dhcpcsvc6.DLL
0x00007ffec68d0000 - 0x00007ffec68ed000 	C:\WINDOWS\SYSTEM32\dhcpcsvc.DLL
0x00007ffec4b90000 - 0x00007ffec4bb4000 	D:\Program Files\Java\jdk1.8.0_192\jre\bin\sunec.dll
0x00007ffec6570000 - 0x00007ffec657b000 	D:\Program Files\Java\jdk1.8.0_192\jre\bin\sunmscapi.dll
0x00007ffecc1c0000 - 0x00007ffecc3a4000 	C:\WINDOWS\SYSTEM32\dbghelp.dll

VM Arguments:
jvm_args: -agentlib:jdwp=transport=dt_socket,suspend=y,address=localhost:58258 -Dcom.sun.management.jmxremote -Dcom.sun.management.jmxremote.port=58257 -Dcom.sun.management.jmxremote.authenticate=false -Dcom.sun.management.jmxremote.ssl=false -Djava.rmi.server.hostname=localhost -Dspring.jmx.enabled=true -Dspring.application.admin.enabled=true -XX:TieredStopAtLevel=1 -Dspring.boot.project.name=algz_war -javaagent:D:\sts-4.9.0.RELEASE\configuration\org.eclipse.osgi\252\0\.cp\lib\javaagent-shaded.jar -Dfile.encoding=UTF-8 
java_command: com.algz.platform.start.AlgzWarApplication --spring.output.ansi.enabled=always
java_class_path (initial): D:\Source\java\eclipse-workspace\algz_war\target\classes;D:\Users\algz\Desktop\refDll\dll\tem\jni4net.j-0.8.8.0.jar;D:\Users\algz\Desktop\refDll\dll\tem\JniInterfaceClass.j4n.jar;D:\sts-4.9.0.RELEASE\plugins\org.junit_4.13.0.v20200204-1500.jar;D:\sts-4.9.0.RELEASE\plugins\org.hamcrest.core_1.3.0.v20180420-1519.jar;D:\Users\algz\.m2\repository\org\springframework\boot\spring-boot-starter-web\2.6.2\spring-boot-starter-web-2.6.2.jar;D:\Users\algz\.m2\repository\org\springframework\boot\spring-boot-starter\2.6.2\spring-boot-starter-2.6.2.jar;D:\Users\algz\.m2\repository\org\springframework\boot\spring-boot\2.6.2\spring-boot-2.6.2.jar;D:\Users\algz\.m2\repository\org\springframework\boot\spring-boot-autoconfigure\2.6.2\spring-boot-autoconfigure-2.6.2.jar;D:\Users\algz\.m2\repository\org\springframework\boot\spring-boot-starter-logging\2.6.2\spring-boot-starter-logging-2.6.2.jar;D:\Users\algz\.m2\repository\ch\qos\logback\logback-classic\1.2.9\logback-classic-1.2.9.jar;D:\Users\algz\.m2\repository\ch\qos\logback\logback-core\1.2.9\logback-core-1.2.9.jar;D:\Users\algz\.m2\repository\org\apache\logging\log4j\log4j-to-slf4j\2.17.0\log4j-to-slf4j-2.17.0.jar;D:\Users\algz\.m2\repository\org\slf4j\jul-to-slf4j\1.7.32\jul-to-slf4j-1.7.32.jar;D:\Users\algz\.m2\repository\org\yaml\snakeyaml\1.29\snakeyaml-1.29.jar;D:\Users\algz\.m2\repository\org\springframework\boot\spring-boot-starter-json\2.6.2\spring-boot-starter-json-2.6.2.jar;D:\Users\algz\.m2\repository\com\fasterxml\jackson\core\jackson-databind\2.13.1\jackson-databind-2.13.1.jar;D:\Users\algz\.m2\repository\com\fasterxml\jackson\core\jackson-annotations\2.13.1\jackson-annotations-2.13.1.jar;D:\Users\algz\.m2\repository\com\fasterxml\jackson\core\jackson-core\2.13.1\jackson-core-2.13.1.jar;D:\Users\algz\.m2\repository\com\fasterxml\jackson\datatype\jackson-datatype-jdk8\2.13.1\jackson-datatype-jdk8-2.13.1.jar;D:\Users\algz\.m2\repository\com\fasterxml\jackson\datatype\jackson-datatype-jsr310\2.
Launcher Type: SUN_STANDARD

Environment Variables:
PATH=D:\Program Files\Java\jdk1.8.0_192\jre\bin;D:/sts-4.9.0.RELEASE//plugins/org.eclipse.justj.openjdk.hotspot.jre.full.win32.x86_64_15.0.1.v20201027-0507/jre/bin/server;D:/sts-4.9.0.RELEASE//plugins/org.eclipse.justj.openjdk.hotspot.jre.full.win32.x86_64_15.0.1.v20201027-0507/jre/bin;C:\Python310\Scripts\;C:\Python310\;D:\Program Files (x86)\Java\jdk-11\bin;C:\Program Files (x86)\Common Files\Oracle\Java\javapath;C:\Windows\system32;C:\Windows;C:\Windows\System32\Wbem;C:\Windows\System32\WindowsPowerShell\v1.0\;C:\Windows\System32\OpenSSH\;C:\Program Files (x86)\NVIDIA Corporation\PhysX\Common;C:\Program Files\NVIDIA Corporation\NVIDIA NvDLISR;C:\WINDOWS\system32;C:\WINDOWS;C:\WINDOWS\System32\Wbem;C:\WINDOWS\System32\WindowsPowerShell\v1.0\;C:\WINDOWS\System32\OpenSSH\;D:\app\algz\product\11.2.0\dbhome_1\bin;C:\Program Files\dotnet\;C:\Program Files\Docker\Docker\resources\bin;C:\ProgramData\DockerDesktop\version-bin;d:\Program Files\Git\cmd;D:\Program Files (x86)\NetSarang\Xshell 7\;D:\Program Files (x86)\NetSarang\Xftp 7\;D:\Program Files\PuTTY\;C:\ProgramData\chocolatey\bin;D:\Program Files (x86)\apache-maven-3.8.2\bin\;D:\Program Files\nodejs\;C:\Users\algz\AppData\Local\Microsoft\WindowsApps;C:\Users\algz\AppData\Local\Programs\Microsoft VS Code\bin;C:\Users\algz\AppData\Local\GitHubDesktop\bin;C:\Users\algz\AppData\Roaming\npm;D:\sts-4.9.0.RELEASE;
USERNAME=algz
OS=Windows_NT
PROCESSOR_IDENTIFIER=Intel64 Family 6 Model 165 Stepping 2, GenuineIntel



---------------  S Y S T E M  ---------------

OS: Windows 10.0 , 64 bit Build 19041 (10.0.19041.1503)

CPU:total 12 (initial active 12) (6 cores per cpu, 2 threads per core) family 6 model 165 stepping 2, cmov, cx8, fxsr, mmx, sse, sse2, sse3, ssse3, sse4.1, sse4.2, popcnt, avx, avx2, aes, clmul, erms, 3dnowpref, lzcnt, ht, tsc, tscinvbit, bmi1, bmi2, adx

Memory: 4k page, physical 16682800k(6837612k free), swap 24568128k(3102796k free)

vm_info: Java HotSpot(TM) 64-Bit Server VM (25.192-b12) for windows-amd64 JRE (1.8.0_192-b12), built on Oct  6 2018 17:12:23 by "java_re" with MS VC++ 10.0 (VS2010)

time: Sat Jun 25 12:43:41 2022
timezone: 中国标准时间
elapsed time: 4204 seconds (0d 1h 10m 4s)

